2021-01-03 17:09:08,626 - Resource Loader Instantiated: org.apache.velocity.runtime.resource.loader.ClasspathResourceLoader
2021-01-03 17:09:08,630 - ClasspathResourceLoader : initialization starting.
2021-01-03 17:09:08,630 - ClasspathResourceLoader : initialization complete.
2021-01-03 17:09:08,631 - ResourceCache : initialized. (class org.apache.velocity.runtime.resource.ResourceCacheImpl)
2021-01-03 17:09:08,631 - Default ResourceManager initialization complete.
2021-01-03 17:09:08,631 - Loaded System Directive: org.apache.velocity.runtime.directive.Literal
2021-01-03 17:09:08,632 - Loaded System Directive: org.apache.velocity.runtime.directive.Macro
2021-01-03 17:09:08,633 - Loaded System Directive: org.apache.velocity.runtime.directive.Parse
2021-01-03 17:09:08,633 - Loaded System Directive: org.apache.velocity.runtime.directive.Include
2021-01-03 17:09:08,633 - Loaded System Directive: org.apache.velocity.runtime.directive.Foreach
2021-01-03 17:09:08,652 - Created: 20 parsers.
2021-01-03 17:09:08,655 - Velocimacro : initialization starting.
2021-01-03 17:09:08,655 - Velocimacro : adding VMs from VM library template : VM_global_library.vm
2021-01-03 17:09:08,656 - ResourceManager : unable to find resource 'VM_global_library.vm' in any resource loader.
2021-01-03 17:09:08,657 - Velocimacro : error using  VM library template VM_global_library.vm : org.apache.velocity.exception.ResourceNotFoundException: Unable to find resource 'VM_global_library.vm'
2021-01-03 17:09:08,657 - Velocimacro :  VM library template macro registration complete.
2021-01-03 17:09:08,657 - Velocimacro : allowInline = true : VMs can be defined inline in templates
2021-01-03 17:09:08,657 - Velocimacro : allowInlineToOverride = false : VMs defined inline may NOT replace previous VM definitions
2021-01-03 17:09:08,657 - Velocimacro : allowInlineLocal = false : VMs defined inline will be  global in scope if allowed.
2021-01-03 17:09:08,657 - Velocimacro : messages on  : VM system will output logging messages
2021-01-03 17:09:08,657 - Velocimacro : autoload off  : VM system will not automatically reload global library macros
2021-01-03 17:09:08,657 - Velocimacro : initialization complete.
2021-01-03 17:09:08,657 - Velocity successfully started.
2021-01-03 17:11:30,994 - ResourceManager : found repast/simphony/scenario/Scenario.vt with loader org.apache.velocity.runtime.resource.loader.ClasspathResourceLoader
2021-01-03 17:11:31,407 - ResourceManager : found repast/simphony/scenario/Scenario.vt with loader org.apache.velocity.runtime.resource.loader.ClasspathResourceLoader
2021-01-03 17:11:36,367 - SimpleLog4JLogSystem initialized using logfile 'velocity.log'
2021-01-03 17:11:36,367 - ************************************************************** 
2021-01-03 17:11:36,367 - Starting Jakarta Velocity v1.4
2021-01-03 17:11:36,367 - RuntimeInstance initializing.
2021-01-03 17:11:36,367 - Default Properties File: org/apache/velocity/runtime/defaults/velocity.properties
2021-01-03 17:11:36,367 - Trying to use logger class org.apache.velocity.runtime.log.SimpleLog4JLogSystem
2021-01-03 17:11:36,367 - Using logger class org.apache.velocity.runtime.log.SimpleLog4JLogSystem
2021-01-03 17:11:36,368 - Default ResourceManager initializing. (class org.apache.velocity.runtime.resource.ResourceManagerImpl)
2021-01-03 17:11:36,369 - Resource Loader Instantiated: org.apache.velocity.runtime.resource.loader.ClasspathResourceLoader
2021-01-03 17:11:36,369 - ClasspathResourceLoader : initialization starting.
2021-01-03 17:11:36,369 - ClasspathResourceLoader : initialization complete.
2021-01-03 17:11:36,370 - ResourceCache : initialized. (class org.apache.velocity.runtime.resource.ResourceCacheImpl)
2021-01-03 17:11:36,370 - Default ResourceManager initialization complete.
2021-01-03 17:11:36,371 - Loaded System Directive: org.apache.velocity.runtime.directive.Literal
2021-01-03 17:11:36,372 - Loaded System Directive: org.apache.velocity.runtime.directive.Macro
2021-01-03 17:11:36,373 - Loaded System Directive: org.apache.velocity.runtime.directive.Parse
2021-01-03 17:11:36,373 - Loaded System Directive: org.apache.velocity.runtime.directive.Include
2021-01-03 17:11:36,374 - Loaded System Directive: org.apache.velocity.runtime.directive.Foreach
2021-01-03 17:11:36,386 - Created: 20 parsers.
2021-01-03 17:11:36,388 - Velocimacro : initialization starting.
2021-01-03 17:11:36,389 - Velocimacro : adding VMs from VM library template : VM_global_library.vm
2021-01-03 17:11:36,391 - ResourceManager : unable to find resource 'VM_global_library.vm' in any resource loader.
2021-01-03 17:11:36,391 - Velocimacro : error using  VM library template VM_global_library.vm : org.apache.velocity.exception.ResourceNotFoundException: Unable to find resource 'VM_global_library.vm'
2021-01-03 17:11:36,391 - Velocimacro :  VM library template macro registration complete.
2021-01-03 17:11:36,391 - Velocimacro : allowInline = true : VMs can be defined inline in templates
2021-01-03 17:11:36,391 - Velocimacro : allowInlineToOverride = false : VMs defined inline may NOT replace previous VM definitions
2021-01-03 17:11:36,391 - Velocimacro : allowInlineLocal = false : VMs defined inline will be  global in scope if allowed.
2021-01-03 17:11:36,391 - Velocimacro : messages on  : VM system will output logging messages
2021-01-03 17:11:36,392 - Velocimacro : autoload off  : VM system will not automatically reload global library macros
2021-01-03 17:11:36,392 - Velocimacro : initialization complete.
2021-01-03 17:11:36,392 - Velocity successfully started.
2021-01-03 17:12:19,165 - SimpleLog4JLogSystem initialized using logfile 'velocity.log'
2021-01-03 17:12:19,165 - ************************************************************** 
2021-01-03 17:12:19,165 - Starting Jakarta Velocity v1.4
2021-01-03 17:12:19,165 - RuntimeInstance initializing.
2021-01-03 17:12:19,165 - Default Properties File: org/apache/velocity/runtime/defaults/velocity.properties
2021-01-03 17:12:19,165 - Trying to use logger class org.apache.velocity.runtime.log.SimpleLog4JLogSystem
2021-01-03 17:12:19,165 - Using logger class org.apache.velocity.runtime.log.SimpleLog4JLogSystem
2021-01-03 17:12:19,167 - Default ResourceManager initializing. (class org.apache.velocity.runtime.resource.ResourceManagerImpl)
2021-01-03 17:12:19,168 - Resource Loader Instantiated: org.apache.velocity.runtime.resource.loader.ClasspathResourceLoader
2021-01-03 17:12:19,168 - ClasspathResourceLoader : initialization starting.
2021-01-03 17:12:19,168 - ClasspathResourceLoader : initialization complete.
2021-01-03 17:12:19,169 - ResourceCache : initialized. (class org.apache.velocity.runtime.resource.ResourceCacheImpl)
2021-01-03 17:12:19,169 - Default ResourceManager initialization complete.
2021-01-03 17:12:19,170 - Loaded System Directive: org.apache.velocity.runtime.directive.Literal
2021-01-03 17:12:19,170 - Loaded System Directive: org.apache.velocity.runtime.directive.Macro
2021-01-03 17:12:19,171 - Loaded System Directive: org.apache.velocity.runtime.directive.Parse
2021-01-03 17:12:19,172 - Loaded System Directive: org.apache.velocity.runtime.directive.Include
2021-01-03 17:12:19,172 - Loaded System Directive: org.apache.velocity.runtime.directive.Foreach
2021-01-03 17:12:19,187 - Created: 20 parsers.
2021-01-03 17:12:19,189 - Velocimacro : initialization starting.
2021-01-03 17:12:19,189 - Velocimacro : adding VMs from VM library template : VM_global_library.vm
2021-01-03 17:12:19,190 - ResourceManager : unable to find resource 'VM_global_library.vm' in any resource loader.
2021-01-03 17:12:19,190 - Velocimacro : error using  VM library template VM_global_library.vm : org.apache.velocity.exception.ResourceNotFoundException: Unable to find resource 'VM_global_library.vm'
2021-01-03 17:12:19,190 - Velocimacro :  VM library template macro registration complete.
2021-01-03 17:12:19,190 - Velocimacro : allowInline = true : VMs can be defined inline in templates
2021-01-03 17:12:19,190 - Velocimacro : allowInlineToOverride = false : VMs defined inline may NOT replace previous VM definitions
2021-01-03 17:12:19,190 - Velocimacro : allowInlineLocal = false : VMs defined inline will be  global in scope if allowed.
2021-01-03 17:12:19,190 - Velocimacro : messages on  : VM system will output logging messages
2021-01-03 17:12:19,190 - Velocimacro : autoload off  : VM system will not automatically reload global library macros
2021-01-03 17:12:19,190 - Velocimacro : initialization complete.
2021-01-03 17:12:19,190 - Velocity successfully started.
2021-01-03 17:25:55,749 - SimpleLog4JLogSystem initialized using logfile 'velocity.log'
2021-01-03 17:25:55,749 - ************************************************************** 
2021-01-03 17:25:55,749 - Starting Jakarta Velocity v1.4
2021-01-03 17:25:55,749 - RuntimeInstance initializing.
2021-01-03 17:25:55,749 - Default Properties File: org/apache/velocity/runtime/defaults/velocity.properties
2021-01-03 17:25:55,749 - Trying to use logger class org.apache.velocity.runtime.log.SimpleLog4JLogSystem
2021-01-03 17:25:55,749 - Using logger class org.apache.velocity.runtime.log.SimpleLog4JLogSystem
2021-01-03 17:25:55,750 - Default ResourceManager initializing. (class org.apache.velocity.runtime.resource.ResourceManagerImpl)
2021-01-03 17:25:55,752 - Resource Loader Instantiated: org.apache.velocity.runtime.resource.loader.ClasspathResourceLoader
2021-01-03 17:25:55,752 - ClasspathResourceLoader : initialization starting.
2021-01-03 17:25:55,752 - ClasspathResourceLoader : initialization complete.
2021-01-03 17:25:55,753 - ResourceCache : initialized. (class org.apache.velocity.runtime.resource.ResourceCacheImpl)
2021-01-03 17:25:55,753 - Default ResourceManager initialization complete.
2021-01-03 17:25:55,755 - Loaded System Directive: org.apache.velocity.runtime.directive.Literal
2021-01-03 17:25:55,756 - Loaded System Directive: org.apache.velocity.runtime.directive.Macro
2021-01-03 17:25:55,757 - Loaded System Directive: org.apache.velocity.runtime.directive.Parse
2021-01-03 17:25:55,761 - Loaded System Directive: org.apache.velocity.runtime.directive.Include
2021-01-03 17:25:55,763 - Loaded System Directive: org.apache.velocity.runtime.directive.Foreach
2021-01-03 17:25:55,783 - Created: 20 parsers.
2021-01-03 17:25:55,789 - Velocimacro : initialization starting.
2021-01-03 17:25:55,790 - Velocimacro : adding VMs from VM library template : VM_global_library.vm
2021-01-03 17:25:55,796 - ResourceManager : unable to find resource 'VM_global_library.vm' in any resource loader.
2021-01-03 17:25:55,796 - Velocimacro : error using  VM library template VM_global_library.vm : org.apache.velocity.exception.ResourceNotFoundException: Unable to find resource 'VM_global_library.vm'
2021-01-03 17:25:55,796 - Velocimacro :  VM library template macro registration complete.
2021-01-03 17:25:55,796 - Velocimacro : allowInline = true : VMs can be defined inline in templates
2021-01-03 17:25:55,796 - Velocimacro : allowInlineToOverride = false : VMs defined inline may NOT replace previous VM definitions
2021-01-03 17:25:55,796 - Velocimacro : allowInlineLocal = false : VMs defined inline will be  global in scope if allowed.
2021-01-03 17:25:55,796 - Velocimacro : messages on  : VM system will output logging messages
2021-01-03 17:25:55,796 - Velocimacro : autoload off  : VM system will not automatically reload global library macros
2021-01-03 17:25:55,796 - Velocimacro : initialization complete.
2021-01-03 17:25:55,796 - Velocity successfully started.
2021-01-03 17:26:13,860 - SimpleLog4JLogSystem initialized using logfile 'velocity.log'
2021-01-03 17:26:13,860 - ************************************************************** 
2021-01-03 17:26:13,860 - Starting Jakarta Velocity v1.4
2021-01-03 17:26:13,860 - RuntimeInstance initializing.
2021-01-03 17:26:13,860 - Default Properties File: org/apache/velocity/runtime/defaults/velocity.properties
2021-01-03 17:26:13,860 - Trying to use logger class org.apache.velocity.runtime.log.SimpleLog4JLogSystem
2021-01-03 17:26:13,860 - Using logger class org.apache.velocity.runtime.log.SimpleLog4JLogSystem
2021-01-03 17:26:13,862 - Default ResourceManager initializing. (class org.apache.velocity.runtime.resource.ResourceManagerImpl)
2021-01-03 17:26:13,863 - Resource Loader Instantiated: org.apache.velocity.runtime.resource.loader.ClasspathResourceLoader
2021-01-03 17:26:13,863 - ClasspathResourceLoader : initialization starting.
2021-01-03 17:26:13,863 - ClasspathResourceLoader : initialization complete.
2021-01-03 17:26:13,863 - ResourceCache : initialized. (class org.apache.velocity.runtime.resource.ResourceCacheImpl)
2021-01-03 17:26:13,864 - Default ResourceManager initialization complete.
2021-01-03 17:26:13,865 - Loaded System Directive: org.apache.velocity.runtime.directive.Literal
2021-01-03 17:26:13,865 - Loaded System Directive: org.apache.velocity.runtime.directive.Macro
2021-01-03 17:26:13,866 - Loaded System Directive: org.apache.velocity.runtime.directive.Parse
2021-01-03 17:26:13,869 - Loaded System Directive: org.apache.velocity.runtime.directive.Include
2021-01-03 17:26:13,870 - Loaded System Directive: org.apache.velocity.runtime.directive.Foreach
2021-01-03 17:26:13,896 - Created: 20 parsers.
2021-01-03 17:26:13,900 - Velocimacro : initialization starting.
2021-01-03 17:26:13,900 - Velocimacro : adding VMs from VM library template : VM_global_library.vm
2021-01-03 17:26:13,901 - ResourceManager : unable to find resource 'VM_global_library.vm' in any resource loader.
2021-01-03 17:26:13,902 - Velocimacro : error using  VM library template VM_global_library.vm : org.apache.velocity.exception.ResourceNotFoundException: Unable to find resource 'VM_global_library.vm'
2021-01-03 17:26:13,902 - Velocimacro :  VM library template macro registration complete.
2021-01-03 17:26:13,902 - Velocimacro : allowInline = true : VMs can be defined inline in templates
2021-01-03 17:26:13,902 - Velocimacro : allowInlineToOverride = false : VMs defined inline may NOT replace previous VM definitions
2021-01-03 17:26:13,902 - Velocimacro : allowInlineLocal = false : VMs defined inline will be  global in scope if allowed.
2021-01-03 17:26:13,902 - Velocimacro : messages on  : VM system will output logging messages
2021-01-03 17:26:13,902 - Velocimacro : autoload off  : VM system will not automatically reload global library macros
2021-01-03 17:26:13,902 - Velocimacro : initialization complete.
2021-01-03 17:26:13,902 - Velocity successfully started.
2021-01-03 17:26:38,536 - SimpleLog4JLogSystem initialized using logfile 'velocity.log'
2021-01-03 17:26:38,536 - ************************************************************** 
2021-01-03 17:26:38,536 - Starting Jakarta Velocity v1.4
2021-01-03 17:26:38,536 - RuntimeInstance initializing.
2021-01-03 17:26:38,536 - Default Properties File: org/apache/velocity/runtime/defaults/velocity.properties
2021-01-03 17:26:38,536 - Trying to use logger class org.apache.velocity.runtime.log.SimpleLog4JLogSystem
2021-01-03 17:26:38,536 - Using logger class org.apache.velocity.runtime.log.SimpleLog4JLogSystem
2021-01-03 17:26:38,538 - Default ResourceManager initializing. (class org.apache.velocity.runtime.resource.ResourceManagerImpl)
2021-01-03 17:26:38,539 - Resource Loader Instantiated: org.apache.velocity.runtime.resource.loader.ClasspathResourceLoader
2021-01-03 17:26:38,539 - ClasspathResourceLoader : initialization starting.
2021-01-03 17:26:38,539 - ClasspathResourceLoader : initialization complete.
2021-01-03 17:26:38,540 - ResourceCache : initialized. (class org.apache.velocity.runtime.resource.ResourceCacheImpl)
2021-01-03 17:26:38,540 - Default ResourceManager initialization complete.
2021-01-03 17:26:38,541 - Loaded System Directive: org.apache.velocity.runtime.directive.Literal
2021-01-03 17:26:38,541 - Loaded System Directive: org.apache.velocity.runtime.directive.Macro
2021-01-03 17:26:38,542 - Loaded System Directive: org.apache.velocity.runtime.directive.Parse
2021-01-03 17:26:38,543 - Loaded System Directive: org.apache.velocity.runtime.directive.Include
2021-01-03 17:26:38,543 - Loaded System Directive: org.apache.velocity.runtime.directive.Foreach
2021-01-03 17:26:38,561 - Created: 20 parsers.
2021-01-03 17:26:38,564 - Velocimacro : initialization starting.
2021-01-03 17:26:38,564 - Velocimacro : adding VMs from VM library template : VM_global_library.vm
2021-01-03 17:26:38,565 - ResourceManager : unable to find resource 'VM_global_library.vm' in any resource loader.
2021-01-03 17:26:38,565 - Velocimacro : error using  VM library template VM_global_library.vm : org.apache.velocity.exception.ResourceNotFoundException: Unable to find resource 'VM_global_library.vm'
2021-01-03 17:26:38,565 - Velocimacro :  VM library template macro registration complete.
2021-01-03 17:26:38,565 - Velocimacro : allowInline = true : VMs can be defined inline in templates
2021-01-03 17:26:38,565 - Velocimacro : allowInlineToOverride = false : VMs defined inline may NOT replace previous VM definitions
2021-01-03 17:26:38,565 - Velocimacro : allowInlineLocal = false : VMs defined inline will be  global in scope if allowed.
2021-01-03 17:26:38,565 - Velocimacro : messages on  : VM system will output logging messages
2021-01-03 17:26:38,565 - Velocimacro : autoload off  : VM system will not automatically reload global library macros
2021-01-03 17:26:38,565 - Velocimacro : initialization complete.
2021-01-03 17:26:38,565 - Velocity successfully started.
2021-01-03 17:28:19,933 - ResourceManager : found repast/simphony/scenario/Scenario.vt with loader org.apache.velocity.runtime.resource.loader.ClasspathResourceLoader
2021-01-03 17:30:10,823 - SimpleLog4JLogSystem initialized using logfile 'velocity.log'
2021-01-03 17:30:10,823 - ************************************************************** 
2021-01-03 17:30:10,823 - Starting Jakarta Velocity v1.4
2021-01-03 17:30:10,823 - RuntimeInstance initializing.
2021-01-03 17:30:10,823 - Default Properties File: org/apache/velocity/runtime/defaults/velocity.properties
2021-01-03 17:30:10,823 - Trying to use logger class org.apache.velocity.runtime.log.SimpleLog4JLogSystem
2021-01-03 17:30:10,823 - Using logger class org.apache.velocity.runtime.log.SimpleLog4JLogSystem
2021-01-03 17:30:10,825 - Default ResourceManager initializing. (class org.apache.velocity.runtime.resource.ResourceManagerImpl)
2021-01-03 17:30:10,826 - Resource Loader Instantiated: org.apache.velocity.runtime.resource.loader.ClasspathResourceLoader
2021-01-03 17:30:10,826 - ClasspathResourceLoader : initialization starting.
2021-01-03 17:30:10,826 - ClasspathResourceLoader : initialization complete.
2021-01-03 17:30:10,827 - ResourceCache : initialized. (class org.apache.velocity.runtime.resource.ResourceCacheImpl)
2021-01-03 17:30:10,827 - Default ResourceManager initialization complete.
2021-01-03 17:30:10,827 - Loaded System Directive: org.apache.velocity.runtime.directive.Literal
2021-01-03 17:30:10,828 - Loaded System Directive: org.apache.velocity.runtime.directive.Macro
2021-01-03 17:30:10,829 - Loaded System Directive: org.apache.velocity.runtime.directive.Parse
2021-01-03 17:30:10,829 - Loaded System Directive: org.apache.velocity.runtime.directive.Include
2021-01-03 17:30:10,830 - Loaded System Directive: org.apache.velocity.runtime.directive.Foreach
2021-01-03 17:30:10,851 - Created: 20 parsers.
2021-01-03 17:30:10,853 - Velocimacro : initialization starting.
2021-01-03 17:30:10,853 - Velocimacro : adding VMs from VM library template : VM_global_library.vm
2021-01-03 17:30:10,854 - ResourceManager : unable to find resource 'VM_global_library.vm' in any resource loader.
2021-01-03 17:30:10,854 - Velocimacro : error using  VM library template VM_global_library.vm : org.apache.velocity.exception.ResourceNotFoundException: Unable to find resource 'VM_global_library.vm'
2021-01-03 17:30:10,854 - Velocimacro :  VM library template macro registration complete.
2021-01-03 17:30:10,854 - Velocimacro : allowInline = true : VMs can be defined inline in templates
2021-01-03 17:30:10,854 - Velocimacro : allowInlineToOverride = false : VMs defined inline may NOT replace previous VM definitions
2021-01-03 17:30:10,854 - Velocimacro : allowInlineLocal = false : VMs defined inline will be  global in scope if allowed.
2021-01-03 17:30:10,854 - Velocimacro : messages on  : VM system will output logging messages
2021-01-03 17:30:10,854 - Velocimacro : autoload off  : VM system will not automatically reload global library macros
2021-01-03 17:30:10,854 - Velocimacro : initialization complete.
2021-01-03 17:30:10,855 - Velocity successfully started.
2021-01-03 17:30:52,407 - SimpleLog4JLogSystem initialized using logfile 'velocity.log'
2021-01-03 17:30:52,407 - ************************************************************** 
2021-01-03 17:30:52,407 - Starting Jakarta Velocity v1.4
2021-01-03 17:30:52,407 - RuntimeInstance initializing.
2021-01-03 17:30:52,407 - Default Properties File: org/apache/velocity/runtime/defaults/velocity.properties
2021-01-03 17:30:52,407 - Trying to use logger class org.apache.velocity.runtime.log.SimpleLog4JLogSystem
2021-01-03 17:30:52,407 - Using logger class org.apache.velocity.runtime.log.SimpleLog4JLogSystem
2021-01-03 17:30:52,409 - Default ResourceManager initializing. (class org.apache.velocity.runtime.resource.ResourceManagerImpl)
2021-01-03 17:30:52,410 - Resource Loader Instantiated: org.apache.velocity.runtime.resource.loader.ClasspathResourceLoader
2021-01-03 17:30:52,410 - ClasspathResourceLoader : initialization starting.
2021-01-03 17:30:52,410 - ClasspathResourceLoader : initialization complete.
2021-01-03 17:30:52,411 - ResourceCache : initialized. (class org.apache.velocity.runtime.resource.ResourceCacheImpl)
2021-01-03 17:30:52,411 - Default ResourceManager initialization complete.
2021-01-03 17:30:52,413 - Loaded System Directive: org.apache.velocity.runtime.directive.Literal
2021-01-03 17:30:52,414 - Loaded System Directive: org.apache.velocity.runtime.directive.Macro
2021-01-03 17:30:52,415 - Loaded System Directive: org.apache.velocity.runtime.directive.Parse
2021-01-03 17:30:52,416 - Loaded System Directive: org.apache.velocity.runtime.directive.Include
2021-01-03 17:30:52,416 - Loaded System Directive: org.apache.velocity.runtime.directive.Foreach
2021-01-03 17:30:52,438 - Created: 20 parsers.
2021-01-03 17:30:52,441 - Velocimacro : initialization starting.
2021-01-03 17:30:52,441 - Velocimacro : adding VMs from VM library template : VM_global_library.vm
2021-01-03 17:30:52,442 - ResourceManager : unable to find resource 'VM_global_library.vm' in any resource loader.
2021-01-03 17:30:52,443 - Velocimacro : error using  VM library template VM_global_library.vm : org.apache.velocity.exception.ResourceNotFoundException: Unable to find resource 'VM_global_library.vm'
2021-01-03 17:30:52,443 - Velocimacro :  VM library template macro registration complete.
2021-01-03 17:30:52,443 - Velocimacro : allowInline = true : VMs can be defined inline in templates
2021-01-03 17:30:52,443 - Velocimacro : allowInlineToOverride = false : VMs defined inline may NOT replace previous VM definitions
2021-01-03 17:30:52,443 - Velocimacro : allowInlineLocal = false : VMs defined inline will be  global in scope if allowed.
2021-01-03 17:30:52,443 - Velocimacro : messages on  : VM system will output logging messages
2021-01-03 17:30:52,443 - Velocimacro : autoload off  : VM system will not automatically reload global library macros
2021-01-03 17:30:52,443 - Velocimacro : initialization complete.
2021-01-03 17:30:52,443 - Velocity successfully started.
2021-01-03 17:32:35,666 - SimpleLog4JLogSystem initialized using logfile 'velocity.log'
2021-01-03 17:32:35,666 - ************************************************************** 
2021-01-03 17:32:35,666 - Starting Jakarta Velocity v1.4
2021-01-03 17:32:35,666 - RuntimeInstance initializing.
2021-01-03 17:32:35,666 - Default Properties File: org/apache/velocity/runtime/defaults/velocity.properties
2021-01-03 17:32:35,666 - Trying to use logger class org.apache.velocity.runtime.log.SimpleLog4JLogSystem
2021-01-03 17:32:35,666 - Using logger class org.apache.velocity.runtime.log.SimpleLog4JLogSystem
2021-01-03 17:32:35,668 - Default ResourceManager initializing. (class org.apache.velocity.runtime.resource.ResourceManagerImpl)
2021-01-03 17:32:35,669 - Resource Loader Instantiated: org.apache.velocity.runtime.resource.loader.ClasspathResourceLoader
2021-01-03 17:32:35,670 - ClasspathResourceLoader : initialization starting.
2021-01-03 17:32:35,670 - ClasspathResourceLoader : initialization complete.
2021-01-03 17:32:35,671 - ResourceCache : initialized. (class org.apache.velocity.runtime.resource.ResourceCacheImpl)
2021-01-03 17:32:35,671 - Default ResourceManager initialization complete.
2021-01-03 17:32:35,674 - Loaded System Directive: org.apache.velocity.runtime.directive.Literal
2021-01-03 17:32:35,675 - Loaded System Directive: org.apache.velocity.runtime.directive.Macro
2021-01-03 17:32:35,676 - Loaded System Directive: org.apache.velocity.runtime.directive.Parse
2021-01-03 17:32:35,677 - Loaded System Directive: org.apache.velocity.runtime.directive.Include
2021-01-03 17:32:35,677 - Loaded System Directive: org.apache.velocity.runtime.directive.Foreach
2021-01-03 17:32:35,689 - Created: 20 parsers.
2021-01-03 17:32:35,690 - Velocimacro : initialization starting.
2021-01-03 17:32:35,690 - Velocimacro : adding VMs from VM library template : VM_global_library.vm
2021-01-03 17:32:35,691 - ResourceManager : unable to find resource 'VM_global_library.vm' in any resource loader.
2021-01-03 17:32:35,691 - Velocimacro : error using  VM library template VM_global_library.vm : org.apache.velocity.exception.ResourceNotFoundException: Unable to find resource 'VM_global_library.vm'
2021-01-03 17:32:35,691 - Velocimacro :  VM library template macro registration complete.
2021-01-03 17:32:35,691 - Velocimacro : allowInline = true : VMs can be defined inline in templates
2021-01-03 17:32:35,691 - Velocimacro : allowInlineToOverride = false : VMs defined inline may NOT replace previous VM definitions
2021-01-03 17:32:35,691 - Velocimacro : allowInlineLocal = false : VMs defined inline will be  global in scope if allowed.
2021-01-03 17:32:35,691 - Velocimacro : messages on  : VM system will output logging messages
2021-01-03 17:32:35,691 - Velocimacro : autoload off  : VM system will not automatically reload global library macros
2021-01-03 17:32:35,691 - Velocimacro : initialization complete.
2021-01-03 17:32:35,692 - Velocity successfully started.
2021-01-03 17:33:13,182 - SimpleLog4JLogSystem initialized using logfile 'velocity.log'
2021-01-03 17:33:13,183 - ************************************************************** 
2021-01-03 17:33:13,183 - Starting Jakarta Velocity v1.4
2021-01-03 17:33:13,183 - RuntimeInstance initializing.
2021-01-03 17:33:13,183 - Default Properties File: org/apache/velocity/runtime/defaults/velocity.properties
2021-01-03 17:33:13,183 - Trying to use logger class org.apache.velocity.runtime.log.SimpleLog4JLogSystem
2021-01-03 17:33:13,183 - Using logger class org.apache.velocity.runtime.log.SimpleLog4JLogSystem
2021-01-03 17:33:13,185 - Default ResourceManager initializing. (class org.apache.velocity.runtime.resource.ResourceManagerImpl)
2021-01-03 17:33:13,187 - Resource Loader Instantiated: org.apache.velocity.runtime.resource.loader.ClasspathResourceLoader
2021-01-03 17:33:13,187 - ClasspathResourceLoader : initialization starting.
2021-01-03 17:33:13,187 - ClasspathResourceLoader : initialization complete.
2021-01-03 17:33:13,188 - ResourceCache : initialized. (class org.apache.velocity.runtime.resource.ResourceCacheImpl)
2021-01-03 17:33:13,188 - Default ResourceManager initialization complete.
2021-01-03 17:33:13,189 - Loaded System Directive: org.apache.velocity.runtime.directive.Literal
2021-01-03 17:33:13,189 - Loaded System Directive: org.apache.velocity.runtime.directive.Macro
2021-01-03 17:33:13,190 - Loaded System Directive: org.apache.velocity.runtime.directive.Parse
2021-01-03 17:33:13,191 - Loaded System Directive: org.apache.velocity.runtime.directive.Include
2021-01-03 17:33:13,191 - Loaded System Directive: org.apache.velocity.runtime.directive.Foreach
2021-01-03 17:33:13,204 - Created: 20 parsers.
2021-01-03 17:33:13,211 - Velocimacro : initialization starting.
2021-01-03 17:33:13,211 - Velocimacro : adding VMs from VM library template : VM_global_library.vm
2021-01-03 17:33:13,212 - ResourceManager : unable to find resource 'VM_global_library.vm' in any resource loader.
2021-01-03 17:33:13,212 - Velocimacro : error using  VM library template VM_global_library.vm : org.apache.velocity.exception.ResourceNotFoundException: Unable to find resource 'VM_global_library.vm'
2021-01-03 17:33:13,212 - Velocimacro :  VM library template macro registration complete.
2021-01-03 17:33:13,212 - Velocimacro : allowInline = true : VMs can be defined inline in templates
2021-01-03 17:33:13,212 - Velocimacro : allowInlineToOverride = false : VMs defined inline may NOT replace previous VM definitions
2021-01-03 17:33:13,212 - Velocimacro : allowInlineLocal = false : VMs defined inline will be  global in scope if allowed.
2021-01-03 17:33:13,212 - Velocimacro : messages on  : VM system will output logging messages
2021-01-03 17:33:13,212 - Velocimacro : autoload off  : VM system will not automatically reload global library macros
2021-01-03 17:33:13,212 - Velocimacro : initialization complete.
2021-01-03 17:33:13,212 - Velocity successfully started.
2021-01-03 17:35:12,294 - SimpleLog4JLogSystem initialized using logfile 'velocity.log'
2021-01-03 17:35:12,295 - ************************************************************** 
2021-01-03 17:35:12,295 - Starting Jakarta Velocity v1.4
2021-01-03 17:35:12,295 - RuntimeInstance initializing.
2021-01-03 17:35:12,295 - Default Properties File: org/apache/velocity/runtime/defaults/velocity.properties
2021-01-03 17:35:12,295 - Trying to use logger class org.apache.velocity.runtime.log.SimpleLog4JLogSystem
2021-01-03 17:35:12,295 - Using logger class org.apache.velocity.runtime.log.SimpleLog4JLogSystem
2021-01-03 17:35:12,296 - Default ResourceManager initializing. (class org.apache.velocity.runtime.resource.ResourceManagerImpl)
2021-01-03 17:35:12,301 - Resource Loader Instantiated: org.apache.velocity.runtime.resource.loader.ClasspathResourceLoader
2021-01-03 17:35:12,301 - ClasspathResourceLoader : initialization starting.
2021-01-03 17:35:12,301 - ClasspathResourceLoader : initialization complete.
2021-01-03 17:35:12,301 - ResourceCache : initialized. (class org.apache.velocity.runtime.resource.ResourceCacheImpl)
2021-01-03 17:35:12,301 - Default ResourceManager initialization complete.
2021-01-03 17:35:12,302 - Loaded System Directive: org.apache.velocity.runtime.directive.Literal
2021-01-03 17:35:12,302 - Loaded System Directive: org.apache.velocity.runtime.directive.Macro
2021-01-03 17:35:12,303 - Loaded System Directive: org.apache.velocity.runtime.directive.Parse
2021-01-03 17:35:12,304 - Loaded System Directive: org.apache.velocity.runtime.directive.Include
2021-01-03 17:35:12,304 - Loaded System Directive: org.apache.velocity.runtime.directive.Foreach
2021-01-03 17:35:12,319 - Created: 20 parsers.
2021-01-03 17:35:12,322 - Velocimacro : initialization starting.
2021-01-03 17:35:12,322 - Velocimacro : adding VMs from VM library template : VM_global_library.vm
2021-01-03 17:35:12,323 - ResourceManager : unable to find resource 'VM_global_library.vm' in any resource loader.
2021-01-03 17:35:12,323 - Velocimacro : error using  VM library template VM_global_library.vm : org.apache.velocity.exception.ResourceNotFoundException: Unable to find resource 'VM_global_library.vm'
2021-01-03 17:35:12,323 - Velocimacro :  VM library template macro registration complete.
2021-01-03 17:35:12,324 - Velocimacro : allowInline = true : VMs can be defined inline in templates
2021-01-03 17:35:12,324 - Velocimacro : allowInlineToOverride = false : VMs defined inline may NOT replace previous VM definitions
2021-01-03 17:35:12,324 - Velocimacro : allowInlineLocal = false : VMs defined inline will be  global in scope if allowed.
2021-01-03 17:35:12,324 - Velocimacro : messages on  : VM system will output logging messages
2021-01-03 17:35:12,324 - Velocimacro : autoload off  : VM system will not automatically reload global library macros
2021-01-03 17:35:12,324 - Velocimacro : initialization complete.
2021-01-03 17:35:12,324 - Velocity successfully started.
2021-01-03 18:23:46,544 - ResourceManager : found repast/simphony/scenario/Scenario.vt with loader org.apache.velocity.runtime.resource.loader.ClasspathResourceLoader
